{"time":1615727958.667197000,"type":"init"}
{"time":1615727958.791639000,"type":"incoming","header":{"totalLength":14,"raw":"0x06 10 02 01 00 0E"},"body":{"service":{"code":"0x02 01","text":"SEARCH_REQUEST"},"raw":"0x08 01 00 00 00 00 0E 57"}}
{"time":1615727958.784323000,"type":"outgoing","header":{"totalLength":14,"raw":"0x06 10 02 01 00 0E"},"body":{"service":{"code":"0x02 01","text":"SEARCH_REQUEST"},"raw":"0x08 01 00 00 00 00 0E 57"}}
{"time":1615727958.801276000,"type":"incoming","header":{"totalLength":78,"raw":"0x06 10 02 02 00 4E"},"body":{"service":{"code":"0x02 02","text":"SEARCH_RESPONSE"},"raw":"0x08 01 C0 A8 01 10 0E 57 36 01 02 00 10 00 00 00 00 83 49 7F 01 EC E0 00 17 0C CC 1B E0 80 08 DA 4D 44 54 20 4B 4E 58 20 49 50 20 52 6F 75 74 65 72 00 00 00 00 00 00 00 00 00 00 00 00 00 0A 02 02 01 03 01 04 01 05 01"}}
{"time":1615727958.803477000,"type":"incoming","header":{"totalLength":74,"raw":"0x06 10 02 02 00 4A"},"body":{"service":{"code":"0x02 02","text":"SEARCH_RESPONSE"},"raw":"0x08 01 C0 A8 01 1D 0E 57 36 01 02 00 00 00 00 00 00 00 00 00 00 00 E0 00 17 0C 00 00 00 00 00 00 65 69 62 64 20 6F 6E 20 57 69 72 65 47 61 74 65 00 00 00 00 00 00 00 00 00 00 00 00 00 00 06 02 02 01 04 01"}}
{"time":1615727958.966191000,"type":"outgoing","header":{"totalLength":14,"raw":"0x06 10 02 03 00 0E"},"body":{"service":{"code":"0x02 03","text":"DESCRIPTION_REQUEST"},"raw":"0x08 01 00 00 00 00 00 00"}}
{"time":1615727958.987647000,"type":"incoming","header":{"totalLength":70,"raw":"0x06 10 02 04 00 46"},"body":{"service":{"code":"0x02 04","text":"DESCRIPTION_RESPONSE"},"raw":"0x36 01 02 00 10 00 00 00 00 83 49 7F 01 EC E0 00 17 0C CC 1B E0 80 08 DA 4D 44 54 20 4B 4E 58 20 49 50 20 52 6F 75 74 65 72 00 00 00 00 00 00 00 00 00 00 00 00 00 0A 02 02 01 03 01 04 01 05 01"}}
{"time":1615727959.75223000,"type":"outgoing","header":{"totalLength":26,"raw":"0x06 10 02 05 00 1A"},"body":{"service":{"code":"0x02 05","text":"CONNECT_REQUEST"},"raw":"0x08 01 C0 A8 01 31 EB 3F 08 01 C0 A8 01 31 DD EB 04 04 02 00"}}
{"time":1615727959.81917000,"type":"incoming","header":{"totalLength":20,"raw":"0x06 10 02 06 00 14"},"body":{"service":{"code":"0x02 06","text":"CONNECT_RESPONSE"},"raw":"0x41 00 08 01 C0 A8 01 10 0E 57 04 04 FF F3"}}
{"time":1615727959.89691000,"type":"outgoing","header":{"totalLength":16,"raw":"0x06 10 02 07 00 10"},"body":{"service":{"code":"0x02 07","text":"CONNECTION_STATE_REQUEST"},"raw":"0x41 00 08 01 C0 A8 01 31 EB 3F"}}
{"time":1615727959.91570000,"type":"incoming","header":{"totalLength":8,"raw":"0x06 10 02 08 00 08"},"body":{"service":{"code":"0x02 08","text":"CONNECTION_STATE_RESPONSE"},"raw":"0x41 00"}}
{"time":1615727959.193905000,"type":"start"}
{"time":1615727971.913840000,"type":"outgoing","header":{"totalLength":10,"raw":"0x06 10 04 21 00 0A"},"body":{"service":{"code":"0x04 21","text":"TUNNELING_ACK"},"raw":"0x04 41 00 00"}}
{"time":1615727971.909671000,"type":"incoming","header":{"totalLength":23,"raw":"0x06 10 04 20 00 17"},"body":{"service":{"code":"0x04 20","text":"TUNNELING_REQUEST"},"raw":"0x04 41 00 00 29 00 BC E0 10 E6 4C 13 03 00 80 0C 48"}}
{"time":1615727989.83798000,"type":"outgoing","header":{"totalLength":10,"raw":"0x06 10 04 21 00 0A"},"body":{"service":{"code":"0x04 21","text":"TUNNELING_ACK"},"raw":"0x04 41 01 00"}}
{"time":1615727989.83264000,"type":"incoming","header":{"totalLength":23,"raw":"0x06 10 04 20 00 17"},"body":{"service":{"code":"0x04 20","text":"TUNNELING_REQUEST"},"raw":"0x04 41 01 00 29 00 BC E0 10 E7 4C 14 03 00 80 0C 1B"}}
{"time":1615727994.205242000,"type":"incoming","header":{"totalLength":23,"raw":"0x06 10 04 20 00 17"},"body":{"service":{"code":"0x04 20","text":"TUNNELING_REQUEST"},"raw":"0x04 41 02 00 29 00 BC E0 10 01 5B 05 03 00 80 5D 7D"}}
{"time":1615727994.205950000,"type":"outgoing","header":{"totalLength":10,"raw":"0x06 10 04 21 00 0A"},"body":{"service":{"code":"0x04 21","text":"TUNNELING_ACK"},"raw":"0x04 41 02 00"}}
{"time":1615727994.221739000,"type":"outgoing","header":{"totalLength":10,"raw":"0x06 10 04 21 00 0A"},"body":{"service":{"code":"0x04 21","text":"TUNNELING_ACK"},"raw":"0x04 41 03 00"}}
{"time":1615727994.220709000,"type":"incoming","header":{"totalLength":23,"raw":"0x06 10 04 20 00 17"},"body":{"service":{"code":"0x04 20","text":"TUNNELING_REQUEST"},"raw":"0x04 41 03 00 29 00 BC E0 10 01 5B 0A 03 00 80 27 25"}}
{"time":1615727994.255668000,"type":"outgoing","header":{"totalLength":10,"raw":"0x06 10 04 21 00 0A"},"body":{"service":{"code":"0x04 21","text":"TUNNELING_ACK"},"raw":"0x04 41 04 00"}}
{"time":1615727994.254720000,"type":"incoming","header":{"totalLength":25,"raw":"0x06 10 04 20 00 19"},"body":{"service":{"code":"0x04 20","text":"TUNNELING_REQUEST"},"raw":"0x04 41 04 00 29 00 BC E0 10 01 5B 0F 05 00 80 41 06 66 67"}}
{"time":1615727994.287001000,"type":"outgoing","header":{"totalLength":10,"raw":"0x06 10 04 21 00 0A"},"body":{"service":{"code":"0x04 21","text":"TUNNELING_ACK"},"raw":"0x04 41 05 00"}}
{"time":1615727994.286476000,"type":"incoming","header":{"totalLength":23,"raw":"0x06 10 04 20 00 17"},"body":{"service":{"code":"0x04 20","text":"TUNNELING_REQUEST"},"raw":"0x04 41 05 00 29 00 BC E0 10 01 5B 00 03 00 80 0D EF"}}
{"time":1615727995.23028000,"type":"outgoing","header":{"totalLength":10,"raw":"0x06 10 04 21 00 0A"},"body":{"service":{"code":"0x04 21","text":"TUNNELING_ACK"},"raw":"0x04 41 06 00"}}
{"time":1615727995.22527000,"type":"incoming","header":{"totalLength":23,"raw":"0x06 10 04 20 00 17"},"body":{"service":{"code":"0x04 20","text":"TUNNELING_REQUEST"},"raw":"0x04 41 06 00 29 00 BC E0 10 01 5B 06 03 00 80 5D 2B"}}
{"time":1615727995.24863000,"type":"incoming","header":{"totalLength":23,"raw":"0x06 10 04 20 00 17"},"body":{"service":{"code":"0x04 20","text":"TUNNELING_REQUEST"},"raw":"0x04 41 07 00 29 00 BC E0 10 01 5B 07 03 00 80 5D 99"}}
{"time":1615727995.25471000,"type":"outgoing","header":{"totalLength":10,"raw":"0x06 10 04 21 00 0A"},"body":{"service":{"code":"0x04 21","text":"TUNNELING_ACK"},"raw":"0x04 41 07 00"}}
{"time":1615727995.50345000,"type":"incoming","header":{"totalLength":23,"raw":"0x06 10 04 20 00 17"},"body":{"service":{"code":"0x04 20","text":"TUNNELING_REQUEST"},"raw":"0x04 41 08 00 29 00 BC E0 10 01 5B 0B 03 00 80 26 C1"}}
{"time":1615727995.51198000,"type":"outgoing","header":{"totalLength":10,"raw":"0x06 10 04 21 00 0A"},"body":{"service":{"code":"0x04 21","text":"TUNNELING_ACK"},"raw":"0x04 41 08 00"}}
{"time":1615727995.82706000,"type":"incoming","header":{"totalLength":23,"raw":"0x06 10 04 20 00 17"},"body":{"service":{"code":"0x04 20","text":"TUNNELING_REQUEST"},"raw":"0x04 41 09 00 29 00 BC E0 10 01 5B 0C 03 00 80 2C 59"}}
{"time":1615727995.83106000,"type":"outgoing","header":{"totalLength":10,"raw":"0x06 10 04 21 00 0A"},"body":{"service":{"code":"0x04 21","text":"TUNNELING_ACK"},"raw":"0x04 41 09 00"}}
{"time":1615727995.118646000,"type":"incoming","header":{"totalLength":25,"raw":"0x06 10 04 20 00 19"},"body":{"service":{"code":"0x04 20","text":"TUNNELING_REQUEST"},"raw":"0x04 41 0A 00 29 00 BC E0 10 01 5B 10 05 00 80 40 FE 97 8E"}}{"time":1615727995.119022000,"type":"outgoing","header":{"totalLength":10,"raw":"0x06 10 04 21 00 0A"},"body":{"service":{"code":"0x04 21","text":"TUNNELING_ACK"},"raw":"0x04 41 0A 00"}}

{"time":1615727995.155288000,"type":"incoming","header":{"totalLength":25,"raw":"0x06 10 04 20 00 19"},"body":{"service":{"code":"0x04 20","text":"TUNNELING_REQUEST"},"raw":"0x04 41 0B 00 29 00 BC E0 10 01 5B 11 05 00 80 41 1E BC 6B"}}
{"time":1615727995.155685000,"type":"outgoing","header":{"totalLength":10,"raw":"0x06 10 04 21 00 0A"},"body":{"service":{"code":"0x04 21","text":"TUNNELING_ACK"},"raw":"0x04 41 0B 00"}}
{"time":1615727995.186783000,"type":"incoming","header":{"totalLength":23,"raw":"0x06 10 04 20 00 17"},"body":{"service":{"code":"0x04 20","text":"TUNNELING_REQUEST"},"raw":"0x04 41 0C 00 29 00 BC E0 10 01 5B 01 03 00 80 07 E9"}}
{"time":1615727995.187201000,"type":"outgoing","header":{"totalLength":10,"raw":"0x06 10 04 21 00 0A"},"body":{"service":{"code":"0x04 21","text":"TUNNELING_ACK"},"raw":"0x04 41 0C 00"}}
{"time":1615727995.218482000,"type":"incoming","header":{"totalLength":23,"raw":"0x06 10 04 20 00 17"},"body":{"service":{"code":"0x04 20","text":"TUNNELING_REQUEST"},"raw":"0x04 41 0D 00 29 00 BC E0 10 01 5B 02 03 00 80 14 7B"}}
{"time":1615727995.219024000,"type":"outgoing","header":{"totalLength":10,"raw":"0x06 10 04 21 00 0A"},"body":{"service":{"code":"0x04 21","text":"TUNNELING_ACK"},"raw":"0x04 41 0D 00"}}
{"time":1615727998.299578000,"type":"outgoing","header":{"totalLength":10,"raw":"0x06 10 04 21 00 0A"},"body":{"service":{"code":"0x04 21","text":"TUNNELING_ACK"},"raw":"0x04 41 0E 00"}}{"time":1615727998.299156000,"type":"incoming","header":{"totalLength":23,"raw":"0x06 10 04 20 00 17"},"body":{"service":{"code":"0x04 20","text":"TUNNELING_REQUEST"},"raw":"0x04 41 0E 00 29 00 BC E0 10 64 4C 00 03 00 80 05 65"}}

{"time":1615727999.220844000,"type":"incoming","header":{"totalLength":23,"raw":"0x06 10 04 20 00 17"},"body":{"service":{"code":"0x04 20","text":"TUNNELING_REQUEST"},"raw":"0x04 41 0F 00 29 00 BC E0 10 A1 4C 08 03 00 80 0C 40"}}
{"time":1615727999.221286000,"type":"outgoing","header":{"totalLength":10,"raw":"0x06 10 04 21 00 0A"},"body":{"service":{"code":"0x04 21","text":"TUNNELING_ACK"},"raw":"0x04 41 0F 00"}}
{"time":1615728016.738442000,"type":"incoming","header":{"totalLength":23,"raw":"0x06 10 04 20 00 17"},"body":{"service":{"code":"0x04 20","text":"TUNNELING_REQUEST"},"raw":"0x04 41 10 00 29 00 BC D0 15 50 49 00 03 00 80 45 78"}}
{"time":1615728016.744918000,"type":"outgoing","header":{"totalLength":10,"raw":"0x06 10 04 21 00 0A"},"body":{"service":{"code":"0x04 21","text":"TUNNELING_ACK"},"raw":"0x04 41 10 00"}}
{"time":1615728017.550888000,"type":"incoming","header":{"totalLength":23,"raw":"0x06 10 04 20 00 17"},"body":{"service":{"code":"0x04 20","text":"TUNNELING_REQUEST"},"raw":"0x04 41 11 00 29 00 BC E0 10 F0 4C 15 03 00 80 0C 33"}}
{"time":1615728017.551517000,"type":"outgoing","header":{"totalLength":10,"raw":"0x06 10 04 21 00 0A"},"body":{"service":{"code":"0x04 21","text":"TUNNELING_ACK"},"raw":"0x04 41 11 00"}}
{"time":1615728019.200691000,"type":"outgoing","header":{"totalLength":16,"raw":"0x06 10 02 09 00 10"},"body":{"service":{"code":"0x02 09","text":"DISCONNECT_REQUEST"},"raw":"0x41 00 08 01 C0 A8 01 31 EB 3F"}}
{"time":1615728019.204112000,"type":"incoming","header":{"totalLength":8,"raw":"0x06 10 02 0A 00 08"},"body":{"service":{"code":"0x02 0A","text":"DISCONNECT_RESPONSE"},"raw":"0x41 00"}}
{"time":1615728019.314611000,"type":"shutdown"}
